<?xml version="1.0" encoding="UTF-8"?>
<!-- Generated by org.testng.reporters.JUnitReportReporter -->
<testsuite hostname="DESKTOP-9O9TGEG" failures="0" tests="3" name="AutomationDemoProject.Tests.AutomationDemoTestsDataDrivenTesting" time="46.689" errors="0" timestamp="2023-09-05T22:07:08 IST" skipped="0">
  <testcase classname="AutomationDemoProject.Tests.AutomationDemoTestsDataDrivenTesting" name="verifyIndexPage" time="2.898"/>
  <testcase classname="AutomationDemoProject.Tests.AutomationDemoTestsDataDrivenTesting" name="verifyRegisterUser" time="21.830"/>
  <testcase classname="AutomationDemoProject.Tests.AutomationDemoTestsDataDrivenTesting" name="verifyRegisterUser" time="21.961"/>
</testsuite> <!-- AutomationDemoProject.Tests.AutomationDemoTestsDataDrivenTesting -->
